#
# A fatal error has been detected by the Java Runtime Environment:
#
#  Internal Error (classFileParser.cpp:3494), pid=19736, tid=140697860949760
#  Error: ShouldNotReachHere()
#
# JRE version: 6.0_27-b27
# Java VM: OpenJDK 64-Bit Server VM (20.0-b12 mixed mode linux-amd64 compressed oops)
# Derivative: IcedTea6 1.12.3
# Distribution: Ubuntu 12.04 LTS, package 6b27-1.12.3-0ubuntu1~12.04.1
# If you would like to submit a bug report, please include
# instructions how to reproduce the bug and visit:
#   https://bugs.launchpad.net/ubuntu/+source/openjdk-6/
#

---------------  T H R E A D  ---------------

Current thread (0x00007ff6bc008000):  JavaThread "Unknown thread" [_thread_in_vm, id=19742, stack(0x00007ff6c5f5c000,0x00007ff6c605d000)]

Stack: [0x00007ff6c5f5c000,0x00007ff6c605d000],  sp=0x00007ff6c605b080,  free space=1020k
Native frames: (J=compiled Java code, j=interpreted, Vv=VM code, C=native code)
V  [libjvm.so+0x784725]  VMError::report(outputStream*)+0x1255
V  [libjvm.so+0x7849a9]  VMError::report_and_die()+0x169
V  [libjvm.so+0x3bb66a]  report_vm_error(char const*, int, char const*, char const*)+0x4a
V  [libjvm.so+0x351a05]  ClassFileParser::parseClassFile(symbolHandle, Handle, Handle, KlassHandle, GrowableArray<Handle>*, symbolHandle&, bool, Thread*)+0x1545
V  [libjvm.so+0x355c63]  ClassLoader::load_classfile(symbolHandle, Thread*)+0x1f3
V  [libjvm.so+0x71c8d4]  SystemDictionary::load_instance_class(symbolHandle, Handle, Thread*)+0x354
V  [libjvm.so+0x71afe0]  SystemDictionary::resolve_instance_class_or_null(symbolHandle, Handle, Handle, Thread*)+0x7c0
V  [libjvm.so+0x71cf63]  SystemDictionary::resolve_or_fail(symbolHandle, Handle, Handle, bool, Thread*)+0x33
V  [libjvm.so+0x71d044]  SystemDictionary::resolve_or_fail(symbolHandle, bool, Thread*)+0x14
V  [libjvm.so+0x71d0f0]  SystemDictionary::initialize_wk_klass(SystemDictionary::WKID, int, Thread*)+0xa0
V  [libjvm.so+0x71d159]  SystemDictionary::initialize_wk_klasses_until(SystemDictionary::WKID, SystemDictionary::WKID&, Thread*)+0x59
V  [libjvm.so+0x71d251]  SystemDictionary::initialize_preloaded_classes(Thread*)+0x71
V  [libjvm.so+0x760adf]  Universe::genesis(Thread*)+0x11f
V  [libjvm.so+0x76148f]  universe2_init()+0x1f
V  [libjvm.so+0x4746f5]  init_globals()+0x95
V  [libjvm.so+0x74b40a]  Threads::create_vm(JavaVMInitArgs*, bool*)+0x1ea
V  [libjvm.so+0x4ce551]  JNI_CreateJavaVM+0x61
C  [java+0x317e]  JavaMain+0x7e


---------------  P R O C E S S  ---------------

Java Threads: ( => current thread )

Other Threads:

=>0x00007ff6bc008000 (exited) JavaThread "Unknown thread" [_thread_in_vm, id=19742, stack(0x00007ff6c5f5c000,0x00007ff6c605d000)]

VM state:not at safepoint (not fully initialized)

VM Mutex/Monitor currently owned by a thread: None

Dynamic libraries:
00400000-00409000 r-xp 00000000 08:07 136442                             /usr/lib/jvm/java-6-openjdk-amd64/jre/bin/java
00608000-00609000 r--p 00008000 08:07 136442                             /usr/lib/jvm/java-6-openjdk-amd64/jre/bin/java
00609000-0060a000 rw-p 00009000 08:07 136442                             /usr/lib/jvm/java-6-openjdk-amd64/jre/bin/java
0151b000-0153c000 rw-p 00000000 00:00 0                                  [heap]
bae00000-bc2c0000 rw-p 00000000 00:00 0 
bc2c0000-c5400000 rw-p 00000000 00:00 0 
c5400000-c7b20000 rw-p 00000000 00:00 0 
c7b20000-ec6b0000 rw-p 00000000 00:00 0 
ec6b0000-eda40000 rw-p 00000000 00:00 0 
eda40000-100000000 rw-p 00000000 00:00 0 
7ff6a4000000-7ff6a4021000 rw-p 00000000 00:00 0 
7ff6a4021000-7ff6a8000000 ---p 00000000 00:00 0 
7ff6a8000000-7ff6a8021000 rw-p 00000000 00:00 0 
7ff6a8021000-7ff6ac000000 ---p 00000000 00:00 0 
7ff6ac000000-7ff6ac021000 rw-p 00000000 00:00 0 
7ff6ac021000-7ff6b0000000 ---p 00000000 00:00 0 
7ff6b4000000-7ff6b4021000 rw-p 00000000 00:00 0 
7ff6b4021000-7ff6b8000000 ---p 00000000 00:00 0 
7ff6b9000000-7ff6b9270000 rwxp 00000000 00:00 0 
7ff6b9270000-7ff6bc07f000 rw-p 00000000 00:00 0 
7ff6bc07f000-7ff6c0000000 ---p 00000000 00:00 0 
7ff6c255b000-7ff6c261d000 r--s 010c7000 00:1d 3554013                    /home/sergio/android-sdks/platforms/android-16/android.jar
7ff6c261d000-7ff6c2645000 rw-p 00000000 00:00 0 
7ff6c2645000-7ff6c2646000 ---p 00000000 00:00 0 
7ff6c2646000-7ff6c2746000 rw-p 00000000 00:00 0 
7ff6c2746000-7ff6c2747000 ---p 00000000 00:00 0 
7ff6c2747000-7ff6c2847000 rw-p 00000000 00:00 0 
7ff6c2847000-7ff6c2848000 ---p 00000000 00:00 0 
7ff6c2848000-7ff6c2948000 rw-p 00000000 00:00 0 
7ff6c2948000-7ff6c2949000 ---p 00000000 00:00 0 
7ff6c2949000-7ff6c2a54000 rw-p 00000000 00:00 0 
7ff6c2a54000-7ff6c2a9c000 rw-p 00000000 00:00 0 
7ff6c2a9c000-7ff6c2ab0000 rw-p 00000000 00:00 0 
7ff6c2ab0000-7ff6c2bd6000 rw-p 00000000 00:00 0 
7ff6c2bd6000-7ff6c2be1000 rw-p 00000000 00:00 0 
7ff6c2be1000-7ff6c2c29000 rw-p 00000000 00:00 0 
7ff6c2c29000-7ff6c2c3d000 rw-p 00000000 00:00 0 
7ff6c2c3d000-7ff6c2d62000 rw-p 00000000 00:00 0 
7ff6c2d62000-7ff6c2d6d000 rw-p 00000000 00:00 0 
7ff6c2d6d000-7ff6c2dff000 rw-p 00000000 00:00 0 
7ff6c2dff000-7ff6c2e00000 rw-p 00000000 00:00 0 
7ff6c2e00000-7ff6c2e07000 r-xp 00000000 08:07 136441                     /usr/lib/jvm/java-6-openjdk-amd64/jre/lib/amd64/libzip.so
7ff6c2e07000-7ff6c3006000 ---p 00007000 08:07 136441                     /usr/lib/jvm/java-6-openjdk-amd64/jre/lib/amd64/libzip.so
7ff6c3006000-7ff6c3007000 r--p 00006000 08:07 136441                     /usr/lib/jvm/java-6-openjdk-amd64/jre/lib/amd64/libzip.so
7ff6c3007000-7ff6c3008000 rw-p 00007000 08:07 136441                     /usr/lib/jvm/java-6-openjdk-amd64/jre/lib/amd64/libzip.so
7ff6c3008000-7ff6c3014000 r-xp 00000000 08:07 1582115                    /lib/x86_64-linux-gnu/libnss_files-2.15.so
7ff6c3014000-7ff6c3213000 ---p 0000c000 08:07 1582115                    /lib/x86_64-linux-gnu/libnss_files-2.15.so
7ff6c3213000-7ff6c3214000 r--p 0000b000 08:07 1582115                    /lib/x86_64-linux-gnu/libnss_files-2.15.so
7ff6c3214000-7ff6c3215000 rw-p 0000c000 08:07 1582115                    /lib/x86_64-linux-gnu/libnss_files-2.15.so
7ff6c3215000-7ff6c321f000 r-xp 00000000 08:07 1581648                    /lib/x86_64-linux-gnu/libnss_nis-2.15.so
7ff6c321f000-7ff6c341f000 ---p 0000a000 08:07 1581648                    /lib/x86_64-linux-gnu/libnss_nis-2.15.so
7ff6c341f000-7ff6c3420000 r--p 0000a000 08:07 1581648                    /lib/x86_64-linux-gnu/libnss_nis-2.15.so
7ff6c3420000-7ff6c3421000 rw-p 0000b000 08:07 1581648                    /lib/x86_64-linux-gnu/libnss_nis-2.15.so
7ff6c3421000-7ff6c3438000 r-xp 00000000 08:07 1582951                    /lib/x86_64-linux-gnu/libnsl-2.15.so
7ff6c3438000-7ff6c3637000 ---p 00017000 08:07 1582951                    /lib/x86_64-linux-gnu/libnsl-2.15.so
7ff6c3637000-7ff6c3638000 r--p 00016000 08:07 1582951                    /lib/x86_64-linux-gnu/libnsl-2.15.so
7ff6c3638000-7ff6c3639000 rw-p 00017000 08:07 1582951                    /lib/x86_64-linux-gnu/libnsl-2.15.so
7ff6c3639000-7ff6c363b000 rw-p 00000000 00:00 0 
7ff6c363b000-7ff6c3643000 r-xp 00000000 08:07 1582117                    /lib/x86_64-linux-gnu/libnss_compat-2.15.so
7ff6c3643000-7ff6c3842000 ---p 00008000 08:07 1582117                    /lib/x86_64-linux-gnu/libnss_compat-2.15.so
7ff6c3842000-7ff6c3843000 r--p 00007000 08:07 1582117                    /lib/x86_64-linux-gnu/libnss_compat-2.15.so
7ff6c3843000-7ff6c3844000 rw-p 00008000 08:07 1582117                    /lib/x86_64-linux-gnu/libnss_compat-2.15.so
7ff6c3844000-7ff6c3870000 r-xp 00000000 08:07 136427                     /usr/lib/jvm/java-6-openjdk-amd64/jre/lib/amd64/libjava.so
7ff6c3870000-7ff6c3a6f000 ---p 0002c000 08:07 136427                     /usr/lib/jvm/java-6-openjdk-amd64/jre/lib/amd64/libjava.so
7ff6c3a6f000-7ff6c3a70000 r--p 0002b000 08:07 136427                     /usr/lib/jvm/java-6-openjdk-amd64/jre/lib/amd64/libjava.so
7ff6c3a70000-7ff6c3a73000 rw-p 0002c000 08:07 136427                     /usr/lib/jvm/java-6-openjdk-amd64/jre/lib/amd64/libjava.so
7ff6c3a73000-7ff6c3a81000 r-xp 00000000 08:07 136426                     /usr/lib/jvm/java-6-openjdk-amd64/jre/lib/amd64/libverify.so
7ff6c3a81000-7ff6c3c80000 ---p 0000e000 08:07 136426                     /usr/lib/jvm/java-6-openjdk-amd64/jre/lib/amd64/libverify.so
7ff6c3c80000-7ff6c3c82000 r--p 0000d000 08:07 136426                     /usr/lib/jvm/java-6-openjdk-amd64/jre/lib/amd64/libverify.so
7ff6c3c82000-7ff6c3c83000 rw-p 0000f000 08:07 136426                     /usr/lib/jvm/java-6-openjdk-amd64/jre/lib/amd64/libverify.so
7ff6c3c83000-7ff6c3c8a000 r-xp 00000000 08:07 1581573                    /lib/x86_64-linux-gnu/librt-2.15.so
7ff6c3c8a000-7ff6c3e89000 ---p 00007000 08:07 1581573                    /lib/x86_64-linux-gnu/librt-2.15.so
7ff6c3e89000-7ff6c3e8a000 r--p 00006000 08:07 1581573                    /lib/x86_64-linux-gnu/librt-2.15.so
7ff6c3e8a000-7ff6c3e8b000 rw-p 00007000 08:07 1581573                    /lib/x86_64-linux-gnu/librt-2.15.so
7ff6c3e8b000-7ff6c3ea0000 r-xp 00000000 08:07 1576794                    /lib/x86_64-linux-gnu/libgcc_s.so.1
7ff6c3ea0000-7ff6c409f000 ---p 00015000 08:07 1576794                    /lib/x86_64-linux-gnu/libgcc_s.so.1
7ff6c409f000-7ff6c40a0000 r--p 00014000 08:07 1576794                    /lib/x86_64-linux-gnu/libgcc_s.so.1
7ff6c40a0000-7ff6c40a1000 rw-p 00015000 08:07 1576794                    /lib/x86_64-linux-gnu/libgcc_s.so.1
7ff6c40a1000-7ff6c419c000 r-xp 00000000 08:07 1581746                    /lib/x86_64-linux-gnu/libm-2.15.so
7ff6c419c000-7ff6c439b000 ---p 000fb000 08:07 1581746                    /lib/x86_64-linux-gnu/libm-2.15.so
7ff6c439b000-7ff6c439c000 r--p 000fa000 08:07 1581746                    /lib/x86_64-linux-gnu/libm-2.15.so
7ff6c439c000-7ff6c439d000 rw-p 000fb000 08:07 1581746                    /lib/x86_64-linux-gnu/libm-2.15.so
7ff6c439d000-7ff6c447f000 r-xp 00000000 08:07 140591                     /usr/lib/x86_64-linux-gnu/libstdc++.so.6.0.16
7ff6c447f000-7ff6c467e000 ---p 000e2000 08:07 140591                     /usr/lib/x86_64-linux-gnu/libstdc++.so.6.0.16
7ff6c467e000-7ff6c4686000 r--p 000e1000 08:07 140591                     /usr/lib/x86_64-linux-gnu/libstdc++.so.6.0.16
7ff6c4686000-7ff6c4688000 rw-p 000e9000 08:07 140591                     /usr/lib/x86_64-linux-gnu/libstdc++.so.6.0.16
7ff6c4688000-7ff6c469d000 rw-p 00000000 00:00 0 
7ff6c469d000-7ff6c4fa2000 r-xp 00000000 08:07 136431                     /usr/lib/jvm/java-6-openjdk-amd64/jre/lib/amd64/server/libjvm.so
7ff6c4fa2000-7ff6c51a2000 ---p 00905000 08:07 136431                     /usr/lib/jvm/java-6-openjdk-amd64/jre/lib/amd64/server/libjvm.so
7ff6c51a2000-7ff6c5222000 r--p 00905000 08:07 136431                     /usr/lib/jvm/java-6-openjdk-amd64/jre/lib/amd64/server/libjvm.so
7ff6c5222000-7ff6c523d000 rw-p 00985000 08:07 136431                     /usr/lib/jvm/java-6-openjdk-amd64/jre/lib/amd64/server/libjvm.so
7ff6c523d000-7ff6c5266000 rw-p 00000000 00:00 0 
7ff6c5266000-7ff6c527c000 r-xp 00000000 08:07 1576884                    /lib/x86_64-linux-gnu/libz.so.1.2.3.4
7ff6c527c000-7ff6c547b000 ---p 00016000 08:07 1576884                    /lib/x86_64-linux-gnu/libz.so.1.2.3.4
7ff6c547b000-7ff6c547c000 r--p 00015000 08:07 1576884                    /lib/x86_64-linux-gnu/libz.so.1.2.3.4
7ff6c547c000-7ff6c547d000 rw-p 00016000 08:07 1576884                    /lib/x86_64-linux-gnu/libz.so.1.2.3.4
7ff6c547d000-7ff6c5632000 r-xp 00000000 08:07 1581507                    /lib/x86_64-linux-gnu/libc-2.15.so
7ff6c5632000-7ff6c5831000 ---p 001b5000 08:07 1581507                    /lib/x86_64-linux-gnu/libc-2.15.so
7ff6c5831000-7ff6c5835000 r--p 001b4000 08:07 1581507                    /lib/x86_64-linux-gnu/libc-2.15.so
7ff6c5835000-7ff6c5837000 rw-p 001b8000 08:07 1581507                    /lib/x86_64-linux-gnu/libc-2.15.so
7ff6c5837000-7ff6c583c000 rw-p 00000000 00:00 0 
7ff6c583c000-7ff6c583e000 r-xp 00000000 08:07 1581506                    /lib/x86_64-linux-gnu/libdl-2.15.so
7ff6c583e000-7ff6c5a3e000 ---p 00002000 08:07 1581506                    /lib/x86_64-linux-gnu/libdl-2.15.so
7ff6c5a3e000-7ff6c5a3f000 r--p 00002000 08:07 1581506                    /lib/x86_64-linux-gnu/libdl-2.15.so
7ff6c5a3f000-7ff6c5a40000 rw-p 00003000 08:07 1581506                    /lib/x86_64-linux-gnu/libdl-2.15.so
7ff6c5a40000-7ff6c5a44000 r-xp 00000000 08:07 136411                     /usr/lib/jvm/java-6-openjdk-amd64/jre/lib/amd64/jli/libjli.so
7ff6c5a44000-7ff6c5c43000 ---p 00004000 08:07 136411                     /usr/lib/jvm/java-6-openjdk-amd64/jre/lib/amd64/jli/libjli.so
7ff6c5c43000-7ff6c5c44000 r--p 00003000 08:07 136411                     /usr/lib/jvm/java-6-openjdk-amd64/jre/lib/amd64/jli/libjli.so
7ff6c5c44000-7ff6c5c45000 rw-p 00004000 08:07 136411                     /usr/lib/jvm/java-6-openjdk-amd64/jre/lib/amd64/jli/libjli.so
7ff6c5c45000-7ff6c5c5d000 r-xp 00000000 08:07 1581547                    /lib/x86_64-linux-gnu/libpthread-2.15.so
7ff6c5c5d000-7ff6c5e5c000 ---p 00018000 08:07 1581547                    /lib/x86_64-linux-gnu/libpthread-2.15.so
7ff6c5e5c000-7ff6c5e5d000 r--p 00017000 08:07 1581547                    /lib/x86_64-linux-gnu/libpthread-2.15.so
7ff6c5e5d000-7ff6c5e5e000 rw-p 00018000 08:07 1581547                    /lib/x86_64-linux-gnu/libpthread-2.15.so
7ff6c5e5e000-7ff6c5e62000 rw-p 00000000 00:00 0 
7ff6c5e62000-7ff6c5e84000 r-xp 00000000 08:07 1582371                    /lib/x86_64-linux-gnu/ld-2.15.so
7ff6c5e9c000-7ff6c5ea6000 rw-p 00000000 00:00 0 
7ff6c5ea6000-7ff6c5f5c000 rw-p 00000000 00:00 0 
7ff6c5f5c000-7ff6c5f5f000 ---p 00000000 00:00 0 
7ff6c5f5f000-7ff6c6062000 rw-p 00000000 00:00 0 
7ff6c6078000-7ff6c6080000 rw-s 00000000 08:07 1182132                    /tmp/hsperfdata_sergio/19736
7ff6c6080000-7ff6c6081000 rw-p 00000000 00:00 0 
7ff6c6081000-7ff6c6082000 r--p 00000000 00:00 0 
7ff6c6082000-7ff6c6084000 rw-p 00000000 00:00 0 
7ff6c6084000-7ff6c6085000 r--p 00022000 08:07 1582371                    /lib/x86_64-linux-gnu/ld-2.15.so
7ff6c6085000-7ff6c6087000 rw-p 00023000 08:07 1582371                    /lib/x86_64-linux-gnu/ld-2.15.so
7fff22451000-7fff22472000 rw-p 00000000 00:00 0                          [stack]
7fff225a1000-7fff225a2000 r-xp 00000000 00:00 0                          [vdso]
ffffffffff600000-ffffffffff601000 r-xp 00000000 00:00 0                  [vsyscall]

VM Arguments:
jvm_args: -Dfile.encoding=UTF-8 -Xbootclasspath:/home/sergio/android-sdks/platforms/android-16/android.jar 
java_command: org.eclipse.jdt.internal.junit.runner.RemoteTestRunner -version 3 -port 56310 -testLoaderClass org.eclipse.jdt.internal.junit4.runner.JUnit4TestLoader -loaderpluginname org.eclipse.jdt.junit4.runtime -classNames cl.srtocino.gsmmonitor.RegexMatchTest
Launcher Type: SUN_STANDARD

Environment Variables:
PATH=/usr/local/sbin:/usr/local/bin:/usr/sbin:/usr/bin:/sbin:/bin:/usr/games
USERNAME=sergio
LD_LIBRARY_PATH=/usr/lib/jvm/java-6-openjdk-amd64/jre/lib/amd64/server:/usr/lib/jvm/java-6-openjdk-amd64/jre/lib/amd64:/usr/lib/jvm/java-6-openjdk-amd64/jre/../lib/amd64
SHELL=/bin/bash
DISPLAY=:0

Signal Handlers:
SIGSEGV: [libjvm.so+0x785360], sa_mask[0]=0x7ffbfeff, sa_flags=0x10000004
SIGBUS: [libjvm.so+0x785360], sa_mask[0]=0x7ffbfeff, sa_flags=0x10000004
SIGFPE: [libjvm.so+0x648dc0], sa_mask[0]=0x7ffbfeff, sa_flags=0x10000004
SIGPIPE: [libjvm.so+0x648dc0], sa_mask[0]=0x7ffbfeff, sa_flags=0x10000004
SIGXFSZ: [libjvm.so+0x648dc0], sa_mask[0]=0x7ffbfeff, sa_flags=0x10000004
SIGILL: [libjvm.so+0x648dc0], sa_mask[0]=0x7ffbfeff, sa_flags=0x10000004
SIGUSR1: SIG_DFL, sa_mask[0]=0x00000000, sa_flags=0x00000000
SIGUSR2: [libjvm.so+0x648f70], sa_mask[0]=0x00000004, sa_flags=0x10000004
SIGHUP: SIG_DFL, sa_mask[0]=0x00000000, sa_flags=0x00000000
SIGINT: SIG_DFL, sa_mask[0]=0x00000000, sa_flags=0x00000000
SIGTERM: SIG_DFL, sa_mask[0]=0x00000000, sa_flags=0x00000000
SIGQUIT: SIG_DFL, sa_mask[0]=0x00000000, sa_flags=0x00000000


---------------  S Y S T E M  ---------------

OS:LinuxMint 13 (maya)
uname:Linux 3.2.0-23-generic #36-Ubuntu SMP Tue Apr 10 20:39:51 UTC 2012 x86_64
libc:glibc 2.15 NPTL 2.15 
rlimit: STACK 8192k, CORE 0k, NPROC 29859, NOFILE 4096, AS infinity
load average:4.92 5.49 3.05

/proc/meminfo:
MemTotal:        3845996 kB
MemFree:          130904 kB
Buffers:           56952 kB
Cached:          1324136 kB
SwapCached:        31780 kB
Active:          2110652 kB
Inactive:        1265280 kB
Active(anon):    1600848 kB
Inactive(anon):   611868 kB
Active(file):     509804 kB
Inactive(file):   653412 kB
Unevictable:         152 kB
Mlocked:             152 kB
SwapTotal:       3904508 kB
SwapFree:        3641920 kB
Dirty:              5240 kB
Writeback:             0 kB
AnonPages:       1968400 kB
Mapped:           143052 kB
Shmem:            217580 kB
Slab:             212672 kB
SReclaimable:     119024 kB
SUnreclaim:        93648 kB
KernelStack:        4456 kB
PageTables:        41448 kB
NFS_Unstable:          0 kB
Bounce:                0 kB
WritebackTmp:          0 kB
CommitLimit:     5827504 kB
Committed_AS:    5716288 kB
VmallocTotal:   34359738367 kB
VmallocUsed:      555740 kB
VmallocChunk:   34359156904 kB
HardwareCorrupted:     0 kB
AnonHugePages:         0 kB
HugePages_Total:       0
HugePages_Free:        0
HugePages_Rsvd:        0
HugePages_Surp:        0
Hugepagesize:       2048 kB
DirectMap4k:       83968 kB
DirectMap2M:     3905536 kB


CPU:total 4 (2 cores per cpu, 2 threads per core) family 6 model 37 stepping 5, cmov, cx8, fxsr, mmx, sse, sse2, sse3, ssse3, sse4.1, sse4.2, popcnt, ht

Memory: 4k page, physical 3845996k(130904k free), swap 3904508k(3641920k free)

vm_info: OpenJDK 64-Bit Server VM (20.0-b12) for linux-amd64 JRE (1.6.0_27-b27), built on Mar  5 2013 00:27:30 by "buildd" with gcc 4.6.3

time: Sun Mar 31 17:13:10 2013
elapsed time: 0 seconds

