#
# A fatal error has been detected by the Java Runtime Environment:
#
#  Internal Error (classFileParser.cpp:3494), pid=19030, tid=140615878993664
#  Error: ShouldNotReachHere()
#
# JRE version: 6.0_27-b27
# Java VM: OpenJDK 64-Bit Server VM (20.0-b12 mixed mode linux-amd64 compressed oops)
# Derivative: IcedTea6 1.12.3
# Distribution: Ubuntu 12.04 LTS, package 6b27-1.12.3-0ubuntu1~12.04.1
# If you would like to submit a bug report, please include
# instructions how to reproduce the bug and visit:
#   https://bugs.launchpad.net/ubuntu/+source/openjdk-6/
#

---------------  T H R E A D  ---------------

Current thread (0x00007fe3a8008000):  JavaThread "Unknown thread" [_thread_in_vm, id=19031, stack(0x00007fe3af746000,0x00007fe3af847000)]

Stack: [0x00007fe3af746000,0x00007fe3af847000],  sp=0x00007fe3af845080,  free space=1020k
Native frames: (J=compiled Java code, j=interpreted, Vv=VM code, C=native code)
V  [libjvm.so+0x784725]  VMError::report(outputStream*)+0x1255
V  [libjvm.so+0x7849a9]  VMError::report_and_die()+0x169
V  [libjvm.so+0x3bb66a]  report_vm_error(char const*, int, char const*, char const*)+0x4a
V  [libjvm.so+0x351a05]  ClassFileParser::parseClassFile(symbolHandle, Handle, Handle, KlassHandle, GrowableArray<Handle>*, symbolHandle&, bool, Thread*)+0x1545
V  [libjvm.so+0x355c63]  ClassLoader::load_classfile(symbolHandle, Thread*)+0x1f3
V  [libjvm.so+0x71c8d4]  SystemDictionary::load_instance_class(symbolHandle, Handle, Thread*)+0x354
V  [libjvm.so+0x71afe0]  SystemDictionary::resolve_instance_class_or_null(symbolHandle, Handle, Handle, Thread*)+0x7c0
V  [libjvm.so+0x71cf63]  SystemDictionary::resolve_or_fail(symbolHandle, Handle, Handle, bool, Thread*)+0x33
V  [libjvm.so+0x71d044]  SystemDictionary::resolve_or_fail(symbolHandle, bool, Thread*)+0x14
V  [libjvm.so+0x71d0f0]  SystemDictionary::initialize_wk_klass(SystemDictionary::WKID, int, Thread*)+0xa0
V  [libjvm.so+0x71d159]  SystemDictionary::initialize_wk_klasses_until(SystemDictionary::WKID, SystemDictionary::WKID&, Thread*)+0x59
V  [libjvm.so+0x71d251]  SystemDictionary::initialize_preloaded_classes(Thread*)+0x71
V  [libjvm.so+0x760adf]  Universe::genesis(Thread*)+0x11f
V  [libjvm.so+0x76148f]  universe2_init()+0x1f
V  [libjvm.so+0x4746f5]  init_globals()+0x95
V  [libjvm.so+0x74b40a]  Threads::create_vm(JavaVMInitArgs*, bool*)+0x1ea
V  [libjvm.so+0x4ce551]  JNI_CreateJavaVM+0x61
C  [java+0x317e]  JavaMain+0x7e


---------------  P R O C E S S  ---------------

Java Threads: ( => current thread )

Other Threads:

=>0x00007fe3a8008000 (exited) JavaThread "Unknown thread" [_thread_in_vm, id=19031, stack(0x00007fe3af746000,0x00007fe3af847000)]

VM state:not at safepoint (not fully initialized)

VM Mutex/Monitor currently owned by a thread: None

Dynamic libraries:
00400000-00409000 r-xp 00000000 08:07 136442                             /usr/lib/jvm/java-6-openjdk-amd64/jre/bin/java
00608000-00609000 r--p 00008000 08:07 136442                             /usr/lib/jvm/java-6-openjdk-amd64/jre/bin/java
00609000-0060a000 rw-p 00009000 08:07 136442                             /usr/lib/jvm/java-6-openjdk-amd64/jre/bin/java
02180000-021a1000 rw-p 00000000 00:00 0                                  [heap]
bae00000-bc2c0000 rw-p 00000000 00:00 0 
bc2c0000-c5400000 rw-p 00000000 00:00 0 
c5400000-c7b20000 rw-p 00000000 00:00 0 
c7b20000-ec6b0000 rw-p 00000000 00:00 0 
ec6b0000-eda40000 rw-p 00000000 00:00 0 
eda40000-100000000 rw-p 00000000 00:00 0 
7fe388000000-7fe388021000 rw-p 00000000 00:00 0 
7fe388021000-7fe38c000000 ---p 00000000 00:00 0 
7fe390000000-7fe390021000 rw-p 00000000 00:00 0 
7fe390021000-7fe394000000 ---p 00000000 00:00 0 
7fe398000000-7fe398021000 rw-p 00000000 00:00 0 
7fe398021000-7fe39c000000 ---p 00000000 00:00 0 
7fe3a0000000-7fe3a0021000 rw-p 00000000 00:00 0 
7fe3a0021000-7fe3a4000000 ---p 00000000 00:00 0 
7fe3a4d3c000-7fe3a4dfe000 r--s 010c7000 00:1d 3554013                    /home/sergio/android-sdks/platforms/android-16/android.jar
7fe3a4dfe000-7fe3a4dff000 ---p 00000000 00:00 0 
7fe3a4dff000-7fe3a4eff000 rw-p 00000000 00:00 0 
7fe3a4eff000-7fe3a4f00000 ---p 00000000 00:00 0 
7fe3a4f00000-7fe3a5000000 rw-p 00000000 00:00 0 
7fe3a5000000-7fe3a5270000 rwxp 00000000 00:00 0 
7fe3a5270000-7fe3a807f000 rw-p 00000000 00:00 0 
7fe3a807f000-7fe3ac000000 ---p 00000000 00:00 0 
7fe3ac009000-7fe3ac031000 rw-p 00000000 00:00 0 
7fe3ac031000-7fe3ac032000 ---p 00000000 00:00 0 
7fe3ac032000-7fe3ac132000 rw-p 00000000 00:00 0 
7fe3ac132000-7fe3ac133000 ---p 00000000 00:00 0 
7fe3ac133000-7fe3ac23e000 rw-p 00000000 00:00 0 
7fe3ac23e000-7fe3ac286000 rw-p 00000000 00:00 0 
7fe3ac286000-7fe3ac29a000 rw-p 00000000 00:00 0 
7fe3ac29a000-7fe3ac3c0000 rw-p 00000000 00:00 0 
7fe3ac3c0000-7fe3ac3cb000 rw-p 00000000 00:00 0 
7fe3ac3cb000-7fe3ac413000 rw-p 00000000 00:00 0 
7fe3ac413000-7fe3ac427000 rw-p 00000000 00:00 0 
7fe3ac427000-7fe3ac54c000 rw-p 00000000 00:00 0 
7fe3ac54c000-7fe3ac557000 rw-p 00000000 00:00 0 
7fe3ac557000-7fe3ac5e9000 rw-p 00000000 00:00 0 
7fe3ac5e9000-7fe3ac5ea000 rw-p 00000000 00:00 0 
7fe3ac5ea000-7fe3ac5f1000 r-xp 00000000 08:07 136441                     /usr/lib/jvm/java-6-openjdk-amd64/jre/lib/amd64/libzip.so
7fe3ac5f1000-7fe3ac7f0000 ---p 00007000 08:07 136441                     /usr/lib/jvm/java-6-openjdk-amd64/jre/lib/amd64/libzip.so
7fe3ac7f0000-7fe3ac7f1000 r--p 00006000 08:07 136441                     /usr/lib/jvm/java-6-openjdk-amd64/jre/lib/amd64/libzip.so
7fe3ac7f1000-7fe3ac7f2000 rw-p 00007000 08:07 136441                     /usr/lib/jvm/java-6-openjdk-amd64/jre/lib/amd64/libzip.so
7fe3ac7f2000-7fe3ac7fe000 r-xp 00000000 08:07 1582115                    /lib/x86_64-linux-gnu/libnss_files-2.15.so
7fe3ac7fe000-7fe3ac9fd000 ---p 0000c000 08:07 1582115                    /lib/x86_64-linux-gnu/libnss_files-2.15.so
7fe3ac9fd000-7fe3ac9fe000 r--p 0000b000 08:07 1582115                    /lib/x86_64-linux-gnu/libnss_files-2.15.so
7fe3ac9fe000-7fe3ac9ff000 rw-p 0000c000 08:07 1582115                    /lib/x86_64-linux-gnu/libnss_files-2.15.so
7fe3ac9ff000-7fe3aca09000 r-xp 00000000 08:07 1581648                    /lib/x86_64-linux-gnu/libnss_nis-2.15.so
7fe3aca09000-7fe3acc09000 ---p 0000a000 08:07 1581648                    /lib/x86_64-linux-gnu/libnss_nis-2.15.so
7fe3acc09000-7fe3acc0a000 r--p 0000a000 08:07 1581648                    /lib/x86_64-linux-gnu/libnss_nis-2.15.so
7fe3acc0a000-7fe3acc0b000 rw-p 0000b000 08:07 1581648                    /lib/x86_64-linux-gnu/libnss_nis-2.15.so
7fe3acc0b000-7fe3acc22000 r-xp 00000000 08:07 1582951                    /lib/x86_64-linux-gnu/libnsl-2.15.so
7fe3acc22000-7fe3ace21000 ---p 00017000 08:07 1582951                    /lib/x86_64-linux-gnu/libnsl-2.15.so
7fe3ace21000-7fe3ace22000 r--p 00016000 08:07 1582951                    /lib/x86_64-linux-gnu/libnsl-2.15.so
7fe3ace22000-7fe3ace23000 rw-p 00017000 08:07 1582951                    /lib/x86_64-linux-gnu/libnsl-2.15.so
7fe3ace23000-7fe3ace25000 rw-p 00000000 00:00 0 
7fe3ace25000-7fe3ace2d000 r-xp 00000000 08:07 1582117                    /lib/x86_64-linux-gnu/libnss_compat-2.15.so
7fe3ace2d000-7fe3ad02c000 ---p 00008000 08:07 1582117                    /lib/x86_64-linux-gnu/libnss_compat-2.15.so
7fe3ad02c000-7fe3ad02d000 r--p 00007000 08:07 1582117                    /lib/x86_64-linux-gnu/libnss_compat-2.15.so
7fe3ad02d000-7fe3ad02e000 rw-p 00008000 08:07 1582117                    /lib/x86_64-linux-gnu/libnss_compat-2.15.so
7fe3ad02e000-7fe3ad05a000 r-xp 00000000 08:07 136427                     /usr/lib/jvm/java-6-openjdk-amd64/jre/lib/amd64/libjava.so
7fe3ad05a000-7fe3ad259000 ---p 0002c000 08:07 136427                     /usr/lib/jvm/java-6-openjdk-amd64/jre/lib/amd64/libjava.so
7fe3ad259000-7fe3ad25a000 r--p 0002b000 08:07 136427                     /usr/lib/jvm/java-6-openjdk-amd64/jre/lib/amd64/libjava.so
7fe3ad25a000-7fe3ad25d000 rw-p 0002c000 08:07 136427                     /usr/lib/jvm/java-6-openjdk-amd64/jre/lib/amd64/libjava.so
7fe3ad25d000-7fe3ad26b000 r-xp 00000000 08:07 136426                     /usr/lib/jvm/java-6-openjdk-amd64/jre/lib/amd64/libverify.so
7fe3ad26b000-7fe3ad46a000 ---p 0000e000 08:07 136426                     /usr/lib/jvm/java-6-openjdk-amd64/jre/lib/amd64/libverify.so
7fe3ad46a000-7fe3ad46c000 r--p 0000d000 08:07 136426                     /usr/lib/jvm/java-6-openjdk-amd64/jre/lib/amd64/libverify.so
7fe3ad46c000-7fe3ad46d000 rw-p 0000f000 08:07 136426                     /usr/lib/jvm/java-6-openjdk-amd64/jre/lib/amd64/libverify.so
7fe3ad46d000-7fe3ad474000 r-xp 00000000 08:07 1581573                    /lib/x86_64-linux-gnu/librt-2.15.so
7fe3ad474000-7fe3ad673000 ---p 00007000 08:07 1581573                    /lib/x86_64-linux-gnu/librt-2.15.so
7fe3ad673000-7fe3ad674000 r--p 00006000 08:07 1581573                    /lib/x86_64-linux-gnu/librt-2.15.so
7fe3ad674000-7fe3ad675000 rw-p 00007000 08:07 1581573                    /lib/x86_64-linux-gnu/librt-2.15.so
7fe3ad675000-7fe3ad68a000 r-xp 00000000 08:07 1576794                    /lib/x86_64-linux-gnu/libgcc_s.so.1
7fe3ad68a000-7fe3ad889000 ---p 00015000 08:07 1576794                    /lib/x86_64-linux-gnu/libgcc_s.so.1
7fe3ad889000-7fe3ad88a000 r--p 00014000 08:07 1576794                    /lib/x86_64-linux-gnu/libgcc_s.so.1
7fe3ad88a000-7fe3ad88b000 rw-p 00015000 08:07 1576794                    /lib/x86_64-linux-gnu/libgcc_s.so.1
7fe3ad88b000-7fe3ad986000 r-xp 00000000 08:07 1581746                    /lib/x86_64-linux-gnu/libm-2.15.so
7fe3ad986000-7fe3adb85000 ---p 000fb000 08:07 1581746                    /lib/x86_64-linux-gnu/libm-2.15.so
7fe3adb85000-7fe3adb86000 r--p 000fa000 08:07 1581746                    /lib/x86_64-linux-gnu/libm-2.15.so
7fe3adb86000-7fe3adb87000 rw-p 000fb000 08:07 1581746                    /lib/x86_64-linux-gnu/libm-2.15.so
7fe3adb87000-7fe3adc69000 r-xp 00000000 08:07 140591                     /usr/lib/x86_64-linux-gnu/libstdc++.so.6.0.16
7fe3adc69000-7fe3ade68000 ---p 000e2000 08:07 140591                     /usr/lib/x86_64-linux-gnu/libstdc++.so.6.0.16
7fe3ade68000-7fe3ade70000 r--p 000e1000 08:07 140591                     /usr/lib/x86_64-linux-gnu/libstdc++.so.6.0.16
7fe3ade70000-7fe3ade72000 rw-p 000e9000 08:07 140591                     /usr/lib/x86_64-linux-gnu/libstdc++.so.6.0.16
7fe3ade72000-7fe3ade87000 rw-p 00000000 00:00 0 
7fe3ade87000-7fe3ae78c000 r-xp 00000000 08:07 136431                     /usr/lib/jvm/java-6-openjdk-amd64/jre/lib/amd64/server/libjvm.so
7fe3ae78c000-7fe3ae98c000 ---p 00905000 08:07 136431                     /usr/lib/jvm/java-6-openjdk-amd64/jre/lib/amd64/server/libjvm.so
7fe3ae98c000-7fe3aea0c000 r--p 00905000 08:07 136431                     /usr/lib/jvm/java-6-openjdk-amd64/jre/lib/amd64/server/libjvm.so
7fe3aea0c000-7fe3aea27000 rw-p 00985000 08:07 136431                     /usr/lib/jvm/java-6-openjdk-amd64/jre/lib/amd64/server/libjvm.so
7fe3aea27000-7fe3aea50000 rw-p 00000000 00:00 0 
7fe3aea50000-7fe3aea66000 r-xp 00000000 08:07 1576884                    /lib/x86_64-linux-gnu/libz.so.1.2.3.4
7fe3aea66000-7fe3aec65000 ---p 00016000 08:07 1576884                    /lib/x86_64-linux-gnu/libz.so.1.2.3.4
7fe3aec65000-7fe3aec66000 r--p 00015000 08:07 1576884                    /lib/x86_64-linux-gnu/libz.so.1.2.3.4
7fe3aec66000-7fe3aec67000 rw-p 00016000 08:07 1576884                    /lib/x86_64-linux-gnu/libz.so.1.2.3.4
7fe3aec67000-7fe3aee1c000 r-xp 00000000 08:07 1581507                    /lib/x86_64-linux-gnu/libc-2.15.so
7fe3aee1c000-7fe3af01b000 ---p 001b5000 08:07 1581507                    /lib/x86_64-linux-gnu/libc-2.15.so
7fe3af01b000-7fe3af01f000 r--p 001b4000 08:07 1581507                    /lib/x86_64-linux-gnu/libc-2.15.so
7fe3af01f000-7fe3af021000 rw-p 001b8000 08:07 1581507                    /lib/x86_64-linux-gnu/libc-2.15.so
7fe3af021000-7fe3af026000 rw-p 00000000 00:00 0 
7fe3af026000-7fe3af028000 r-xp 00000000 08:07 1581506                    /lib/x86_64-linux-gnu/libdl-2.15.so
7fe3af028000-7fe3af228000 ---p 00002000 08:07 1581506                    /lib/x86_64-linux-gnu/libdl-2.15.so
7fe3af228000-7fe3af229000 r--p 00002000 08:07 1581506                    /lib/x86_64-linux-gnu/libdl-2.15.so
7fe3af229000-7fe3af22a000 rw-p 00003000 08:07 1581506                    /lib/x86_64-linux-gnu/libdl-2.15.so
7fe3af22a000-7fe3af22e000 r-xp 00000000 08:07 136411                     /usr/lib/jvm/java-6-openjdk-amd64/jre/lib/amd64/jli/libjli.so
7fe3af22e000-7fe3af42d000 ---p 00004000 08:07 136411                     /usr/lib/jvm/java-6-openjdk-amd64/jre/lib/amd64/jli/libjli.so
7fe3af42d000-7fe3af42e000 r--p 00003000 08:07 136411                     /usr/lib/jvm/java-6-openjdk-amd64/jre/lib/amd64/jli/libjli.so
7fe3af42e000-7fe3af42f000 rw-p 00004000 08:07 136411                     /usr/lib/jvm/java-6-openjdk-amd64/jre/lib/amd64/jli/libjli.so
7fe3af42f000-7fe3af447000 r-xp 00000000 08:07 1581547                    /lib/x86_64-linux-gnu/libpthread-2.15.so
7fe3af447000-7fe3af646000 ---p 00018000 08:07 1581547                    /lib/x86_64-linux-gnu/libpthread-2.15.so
7fe3af646000-7fe3af647000 r--p 00017000 08:07 1581547                    /lib/x86_64-linux-gnu/libpthread-2.15.so
7fe3af647000-7fe3af648000 rw-p 00018000 08:07 1581547                    /lib/x86_64-linux-gnu/libpthread-2.15.so
7fe3af648000-7fe3af64c000 rw-p 00000000 00:00 0 
7fe3af64c000-7fe3af66e000 r-xp 00000000 08:07 1582371                    /lib/x86_64-linux-gnu/ld-2.15.so
7fe3af686000-7fe3af690000 rw-p 00000000 00:00 0 
7fe3af690000-7fe3af746000 rw-p 00000000 00:00 0 
7fe3af746000-7fe3af749000 ---p 00000000 00:00 0 
7fe3af749000-7fe3af84c000 rw-p 00000000 00:00 0 
7fe3af862000-7fe3af86a000 rw-s 00000000 08:07 1182192                    /tmp/hsperfdata_sergio/19030
7fe3af86a000-7fe3af86b000 rw-p 00000000 00:00 0 
7fe3af86b000-7fe3af86c000 r--p 00000000 00:00 0 
7fe3af86c000-7fe3af86e000 rw-p 00000000 00:00 0 
7fe3af86e000-7fe3af86f000 r--p 00022000 08:07 1582371                    /lib/x86_64-linux-gnu/ld-2.15.so
7fe3af86f000-7fe3af871000 rw-p 00023000 08:07 1582371                    /lib/x86_64-linux-gnu/ld-2.15.so
7fffb47bb000-7fffb47dc000 rw-p 00000000 00:00 0                          [stack]
7fffb47ff000-7fffb4800000 r-xp 00000000 00:00 0                          [vdso]
ffffffffff600000-ffffffffff601000 r-xp 00000000 00:00 0                  [vsyscall]

VM Arguments:
jvm_args: -Dfile.encoding=UTF-8 -Xbootclasspath:/home/sergio/android-sdks/platforms/android-16/android.jar 
java_command: org.eclipse.jdt.internal.junit.runner.RemoteTestRunner -version 3 -port 41934 -testLoaderClass org.eclipse.jdt.internal.junit4.runner.JUnit4TestLoader -loaderpluginname org.eclipse.jdt.junit4.runtime -classNames cl.srtocino.gsmmonitor.RegexMatchTest
Launcher Type: SUN_STANDARD

Environment Variables:
PATH=/usr/local/sbin:/usr/local/bin:/usr/sbin:/usr/bin:/sbin:/bin:/usr/games
USERNAME=sergio
LD_LIBRARY_PATH=/usr/lib/jvm/java-6-openjdk-amd64/jre/lib/amd64/server:/usr/lib/jvm/java-6-openjdk-amd64/jre/lib/amd64:/usr/lib/jvm/java-6-openjdk-amd64/jre/../lib/amd64
SHELL=/bin/bash
DISPLAY=:0

Signal Handlers:
SIGSEGV: [libjvm.so+0x785360], sa_mask[0]=0x7ffbfeff, sa_flags=0x10000004
SIGBUS: [libjvm.so+0x785360], sa_mask[0]=0x7ffbfeff, sa_flags=0x10000004
SIGFPE: [libjvm.so+0x648dc0], sa_mask[0]=0x7ffbfeff, sa_flags=0x10000004
SIGPIPE: [libjvm.so+0x648dc0], sa_mask[0]=0x7ffbfeff, sa_flags=0x10000004
SIGXFSZ: [libjvm.so+0x648dc0], sa_mask[0]=0x7ffbfeff, sa_flags=0x10000004
SIGILL: [libjvm.so+0x648dc0], sa_mask[0]=0x7ffbfeff, sa_flags=0x10000004
SIGUSR1: SIG_DFL, sa_mask[0]=0x00000000, sa_flags=0x00000000
SIGUSR2: [libjvm.so+0x648f70], sa_mask[0]=0x00000004, sa_flags=0x10000004
SIGHUP: SIG_DFL, sa_mask[0]=0x00000000, sa_flags=0x00000000
SIGINT: SIG_DFL, sa_mask[0]=0x00000000, sa_flags=0x00000000
SIGTERM: SIG_DFL, sa_mask[0]=0x00000000, sa_flags=0x00000000
SIGQUIT: SIG_DFL, sa_mask[0]=0x00000000, sa_flags=0x00000000


---------------  S Y S T E M  ---------------

OS:LinuxMint 13 (maya)
uname:Linux 3.2.0-23-generic #36-Ubuntu SMP Tue Apr 10 20:39:51 UTC 2012 x86_64
libc:glibc 2.15 NPTL 2.15 
rlimit: STACK 8192k, CORE 0k, NPROC 29859, NOFILE 4096, AS infinity
load average:0.94 0.77 0.93

/proc/meminfo:
MemTotal:        3845996 kB
MemFree:          215196 kB
Buffers:           43136 kB
Cached:          1271124 kB
SwapCached:        32892 kB
Active:          1949676 kB
Inactive:        1375084 kB
Active(anon):    1588968 kB
Inactive(anon):   641304 kB
Active(file):     360708 kB
Inactive(file):   733780 kB
Unevictable:         152 kB
Mlocked:             152 kB
SwapTotal:       3904508 kB
SwapFree:        3646400 kB
Dirty:              1500 kB
Writeback:             0 kB
AnonPages:       1982512 kB
Mapped:           146268 kB
Shmem:            219528 kB
Slab:             178800 kB
SReclaimable:     101616 kB
SUnreclaim:        77184 kB
KernelStack:        4520 kB
PageTables:        43044 kB
NFS_Unstable:          0 kB
Bounce:                0 kB
WritebackTmp:          0 kB
CommitLimit:     5827504 kB
Committed_AS:    5834616 kB
VmallocTotal:   34359738367 kB
VmallocUsed:      555780 kB
VmallocChunk:   34359156904 kB
HardwareCorrupted:     0 kB
AnonHugePages:         0 kB
HugePages_Total:       0
HugePages_Free:        0
HugePages_Rsvd:        0
HugePages_Surp:        0
Hugepagesize:       2048 kB
DirectMap4k:       83968 kB
DirectMap2M:     3905536 kB


CPU:total 4 (2 cores per cpu, 2 threads per core) family 6 model 37 stepping 5, cmov, cx8, fxsr, mmx, sse, sse2, sse3, ssse3, sse4.1, sse4.2, popcnt, ht

Memory: 4k page, physical 3845996k(215196k free), swap 3904508k(3646400k free)

vm_info: OpenJDK 64-Bit Server VM (20.0-b12) for linux-amd64 JRE (1.6.0_27-b27), built on Mar  5 2013 00:27:30 by "buildd" with gcc 4.6.3

time: Sun Mar 31 16:58:54 2013
elapsed time: 0 seconds

