#
# A fatal error has been detected by the Java Runtime Environment:
#
#  Internal Error (classFileParser.cpp:3494), pid=19100, tid=140008075327232
#  Error: ShouldNotReachHere()
#
# JRE version: 6.0_27-b27
# Java VM: OpenJDK 64-Bit Server VM (20.0-b12 mixed mode linux-amd64 compressed oops)
# Derivative: IcedTea6 1.12.3
# Distribution: Ubuntu 12.04 LTS, package 6b27-1.12.3-0ubuntu1~12.04.1
# If you would like to submit a bug report, please include
# instructions how to reproduce the bug and visit:
#   https://bugs.launchpad.net/ubuntu/+source/openjdk-6/
#

---------------  T H R E A D  ---------------

Current thread (0x00007f5624008000):  JavaThread "Unknown thread" [_thread_in_vm, id=19108, stack(0x00007f562b887000,0x00007f562b988000)]

Stack: [0x00007f562b887000,0x00007f562b988000],  sp=0x00007f562b986080,  free space=1020k
Native frames: (J=compiled Java code, j=interpreted, Vv=VM code, C=native code)
V  [libjvm.so+0x784725]  VMError::report(outputStream*)+0x1255
V  [libjvm.so+0x7849a9]  VMError::report_and_die()+0x169
V  [libjvm.so+0x3bb66a]  report_vm_error(char const*, int, char const*, char const*)+0x4a
V  [libjvm.so+0x351a05]  ClassFileParser::parseClassFile(symbolHandle, Handle, Handle, KlassHandle, GrowableArray<Handle>*, symbolHandle&, bool, Thread*)+0x1545
V  [libjvm.so+0x355c63]  ClassLoader::load_classfile(symbolHandle, Thread*)+0x1f3
V  [libjvm.so+0x71c8d4]  SystemDictionary::load_instance_class(symbolHandle, Handle, Thread*)+0x354
V  [libjvm.so+0x71afe0]  SystemDictionary::resolve_instance_class_or_null(symbolHandle, Handle, Handle, Thread*)+0x7c0
V  [libjvm.so+0x71cf63]  SystemDictionary::resolve_or_fail(symbolHandle, Handle, Handle, bool, Thread*)+0x33
V  [libjvm.so+0x71d044]  SystemDictionary::resolve_or_fail(symbolHandle, bool, Thread*)+0x14
V  [libjvm.so+0x71d0f0]  SystemDictionary::initialize_wk_klass(SystemDictionary::WKID, int, Thread*)+0xa0
V  [libjvm.so+0x71d159]  SystemDictionary::initialize_wk_klasses_until(SystemDictionary::WKID, SystemDictionary::WKID&, Thread*)+0x59
V  [libjvm.so+0x71d251]  SystemDictionary::initialize_preloaded_classes(Thread*)+0x71
V  [libjvm.so+0x760adf]  Universe::genesis(Thread*)+0x11f
V  [libjvm.so+0x76148f]  universe2_init()+0x1f
V  [libjvm.so+0x4746f5]  init_globals()+0x95
V  [libjvm.so+0x74b40a]  Threads::create_vm(JavaVMInitArgs*, bool*)+0x1ea
V  [libjvm.so+0x4ce551]  JNI_CreateJavaVM+0x61
C  [java+0x317e]  JavaMain+0x7e


---------------  P R O C E S S  ---------------

Java Threads: ( => current thread )

Other Threads:

=>0x00007f5624008000 (exited) JavaThread "Unknown thread" [_thread_in_vm, id=19108, stack(0x00007f562b887000,0x00007f562b988000)]

VM state:not at safepoint (not fully initialized)

VM Mutex/Monitor currently owned by a thread: None

Dynamic libraries:
00400000-00409000 r-xp 00000000 08:07 136442                             /usr/lib/jvm/java-6-openjdk-amd64/jre/bin/java
00608000-00609000 r--p 00008000 08:07 136442                             /usr/lib/jvm/java-6-openjdk-amd64/jre/bin/java
00609000-0060a000 rw-p 00009000 08:07 136442                             /usr/lib/jvm/java-6-openjdk-amd64/jre/bin/java
01ed1000-01ef2000 rw-p 00000000 00:00 0                                  [heap]
bae00000-bc2c0000 rw-p 00000000 00:00 0 
bc2c0000-c5400000 rw-p 00000000 00:00 0 
c5400000-c7b20000 rw-p 00000000 00:00 0 
c7b20000-ec6b0000 rw-p 00000000 00:00 0 
ec6b0000-eda40000 rw-p 00000000 00:00 0 
eda40000-100000000 rw-p 00000000 00:00 0 
7f5610000000-7f5610021000 rw-p 00000000 00:00 0 
7f5610021000-7f5614000000 ---p 00000000 00:00 0 
7f5614000000-7f5614021000 rw-p 00000000 00:00 0 
7f5614021000-7f5618000000 ---p 00000000 00:00 0 
7f5618000000-7f5618021000 rw-p 00000000 00:00 0 
7f5618021000-7f561c000000 ---p 00000000 00:00 0 
7f561c000000-7f561c021000 rw-p 00000000 00:00 0 
7f561c021000-7f5620000000 ---p 00000000 00:00 0 
7f5620e3d000-7f5620eff000 r--s 010c7000 00:1d 3554013                    /home/sergio/android-sdks/platforms/android-16/android.jar
7f5620eff000-7f5620f00000 ---p 00000000 00:00 0 
7f5620f00000-7f5621000000 rw-p 00000000 00:00 0 
7f5621000000-7f5621270000 rwxp 00000000 00:00 0 
7f5621270000-7f562407f000 rw-p 00000000 00:00 0 
7f562407f000-7f5628000000 ---p 00000000 00:00 0 
7f5628049000-7f5628071000 rw-p 00000000 00:00 0 
7f5628071000-7f5628072000 ---p 00000000 00:00 0 
7f5628072000-7f5628172000 rw-p 00000000 00:00 0 
7f5628172000-7f5628173000 ---p 00000000 00:00 0 
7f5628173000-7f5628273000 rw-p 00000000 00:00 0 
7f5628273000-7f5628274000 ---p 00000000 00:00 0 
7f5628274000-7f562837f000 rw-p 00000000 00:00 0 
7f562837f000-7f56283c7000 rw-p 00000000 00:00 0 
7f56283c7000-7f56283db000 rw-p 00000000 00:00 0 
7f56283db000-7f5628501000 rw-p 00000000 00:00 0 
7f5628501000-7f562850c000 rw-p 00000000 00:00 0 
7f562850c000-7f5628554000 rw-p 00000000 00:00 0 
7f5628554000-7f5628568000 rw-p 00000000 00:00 0 
7f5628568000-7f562868d000 rw-p 00000000 00:00 0 
7f562868d000-7f5628698000 rw-p 00000000 00:00 0 
7f5628698000-7f562872a000 rw-p 00000000 00:00 0 
7f562872a000-7f562872b000 rw-p 00000000 00:00 0 
7f562872b000-7f5628732000 r-xp 00000000 08:07 136441                     /usr/lib/jvm/java-6-openjdk-amd64/jre/lib/amd64/libzip.so
7f5628732000-7f5628931000 ---p 00007000 08:07 136441                     /usr/lib/jvm/java-6-openjdk-amd64/jre/lib/amd64/libzip.so
7f5628931000-7f5628932000 r--p 00006000 08:07 136441                     /usr/lib/jvm/java-6-openjdk-amd64/jre/lib/amd64/libzip.so
7f5628932000-7f5628933000 rw-p 00007000 08:07 136441                     /usr/lib/jvm/java-6-openjdk-amd64/jre/lib/amd64/libzip.so
7f5628933000-7f562893f000 r-xp 00000000 08:07 1582115                    /lib/x86_64-linux-gnu/libnss_files-2.15.so
7f562893f000-7f5628b3e000 ---p 0000c000 08:07 1582115                    /lib/x86_64-linux-gnu/libnss_files-2.15.so
7f5628b3e000-7f5628b3f000 r--p 0000b000 08:07 1582115                    /lib/x86_64-linux-gnu/libnss_files-2.15.so
7f5628b3f000-7f5628b40000 rw-p 0000c000 08:07 1582115                    /lib/x86_64-linux-gnu/libnss_files-2.15.so
7f5628b40000-7f5628b4a000 r-xp 00000000 08:07 1581648                    /lib/x86_64-linux-gnu/libnss_nis-2.15.so
7f5628b4a000-7f5628d4a000 ---p 0000a000 08:07 1581648                    /lib/x86_64-linux-gnu/libnss_nis-2.15.so
7f5628d4a000-7f5628d4b000 r--p 0000a000 08:07 1581648                    /lib/x86_64-linux-gnu/libnss_nis-2.15.so
7f5628d4b000-7f5628d4c000 rw-p 0000b000 08:07 1581648                    /lib/x86_64-linux-gnu/libnss_nis-2.15.so
7f5628d4c000-7f5628d63000 r-xp 00000000 08:07 1582951                    /lib/x86_64-linux-gnu/libnsl-2.15.so
7f5628d63000-7f5628f62000 ---p 00017000 08:07 1582951                    /lib/x86_64-linux-gnu/libnsl-2.15.so
7f5628f62000-7f5628f63000 r--p 00016000 08:07 1582951                    /lib/x86_64-linux-gnu/libnsl-2.15.so
7f5628f63000-7f5628f64000 rw-p 00017000 08:07 1582951                    /lib/x86_64-linux-gnu/libnsl-2.15.so
7f5628f64000-7f5628f66000 rw-p 00000000 00:00 0 
7f5628f66000-7f5628f6e000 r-xp 00000000 08:07 1582117                    /lib/x86_64-linux-gnu/libnss_compat-2.15.so
7f5628f6e000-7f562916d000 ---p 00008000 08:07 1582117                    /lib/x86_64-linux-gnu/libnss_compat-2.15.so
7f562916d000-7f562916e000 r--p 00007000 08:07 1582117                    /lib/x86_64-linux-gnu/libnss_compat-2.15.so
7f562916e000-7f562916f000 rw-p 00008000 08:07 1582117                    /lib/x86_64-linux-gnu/libnss_compat-2.15.so
7f562916f000-7f562919b000 r-xp 00000000 08:07 136427                     /usr/lib/jvm/java-6-openjdk-amd64/jre/lib/amd64/libjava.so
7f562919b000-7f562939a000 ---p 0002c000 08:07 136427                     /usr/lib/jvm/java-6-openjdk-amd64/jre/lib/amd64/libjava.so
7f562939a000-7f562939b000 r--p 0002b000 08:07 136427                     /usr/lib/jvm/java-6-openjdk-amd64/jre/lib/amd64/libjava.so
7f562939b000-7f562939e000 rw-p 0002c000 08:07 136427                     /usr/lib/jvm/java-6-openjdk-amd64/jre/lib/amd64/libjava.so
7f562939e000-7f56293ac000 r-xp 00000000 08:07 136426                     /usr/lib/jvm/java-6-openjdk-amd64/jre/lib/amd64/libverify.so
7f56293ac000-7f56295ab000 ---p 0000e000 08:07 136426                     /usr/lib/jvm/java-6-openjdk-amd64/jre/lib/amd64/libverify.so
7f56295ab000-7f56295ad000 r--p 0000d000 08:07 136426                     /usr/lib/jvm/java-6-openjdk-amd64/jre/lib/amd64/libverify.so
7f56295ad000-7f56295ae000 rw-p 0000f000 08:07 136426                     /usr/lib/jvm/java-6-openjdk-amd64/jre/lib/amd64/libverify.so
7f56295ae000-7f56295b5000 r-xp 00000000 08:07 1581573                    /lib/x86_64-linux-gnu/librt-2.15.so
7f56295b5000-7f56297b4000 ---p 00007000 08:07 1581573                    /lib/x86_64-linux-gnu/librt-2.15.so
7f56297b4000-7f56297b5000 r--p 00006000 08:07 1581573                    /lib/x86_64-linux-gnu/librt-2.15.so
7f56297b5000-7f56297b6000 rw-p 00007000 08:07 1581573                    /lib/x86_64-linux-gnu/librt-2.15.so
7f56297b6000-7f56297cb000 r-xp 00000000 08:07 1576794                    /lib/x86_64-linux-gnu/libgcc_s.so.1
7f56297cb000-7f56299ca000 ---p 00015000 08:07 1576794                    /lib/x86_64-linux-gnu/libgcc_s.so.1
7f56299ca000-7f56299cb000 r--p 00014000 08:07 1576794                    /lib/x86_64-linux-gnu/libgcc_s.so.1
7f56299cb000-7f56299cc000 rw-p 00015000 08:07 1576794                    /lib/x86_64-linux-gnu/libgcc_s.so.1
7f56299cc000-7f5629ac7000 r-xp 00000000 08:07 1581746                    /lib/x86_64-linux-gnu/libm-2.15.so
7f5629ac7000-7f5629cc6000 ---p 000fb000 08:07 1581746                    /lib/x86_64-linux-gnu/libm-2.15.so
7f5629cc6000-7f5629cc7000 r--p 000fa000 08:07 1581746                    /lib/x86_64-linux-gnu/libm-2.15.so
7f5629cc7000-7f5629cc8000 rw-p 000fb000 08:07 1581746                    /lib/x86_64-linux-gnu/libm-2.15.so
7f5629cc8000-7f5629daa000 r-xp 00000000 08:07 140591                     /usr/lib/x86_64-linux-gnu/libstdc++.so.6.0.16
7f5629daa000-7f5629fa9000 ---p 000e2000 08:07 140591                     /usr/lib/x86_64-linux-gnu/libstdc++.so.6.0.16
7f5629fa9000-7f5629fb1000 r--p 000e1000 08:07 140591                     /usr/lib/x86_64-linux-gnu/libstdc++.so.6.0.16
7f5629fb1000-7f5629fb3000 rw-p 000e9000 08:07 140591                     /usr/lib/x86_64-linux-gnu/libstdc++.so.6.0.16
7f5629fb3000-7f5629fc8000 rw-p 00000000 00:00 0 
7f5629fc8000-7f562a8cd000 r-xp 00000000 08:07 136431                     /usr/lib/jvm/java-6-openjdk-amd64/jre/lib/amd64/server/libjvm.so
7f562a8cd000-7f562aacd000 ---p 00905000 08:07 136431                     /usr/lib/jvm/java-6-openjdk-amd64/jre/lib/amd64/server/libjvm.so
7f562aacd000-7f562ab4d000 r--p 00905000 08:07 136431                     /usr/lib/jvm/java-6-openjdk-amd64/jre/lib/amd64/server/libjvm.so
7f562ab4d000-7f562ab68000 rw-p 00985000 08:07 136431                     /usr/lib/jvm/java-6-openjdk-amd64/jre/lib/amd64/server/libjvm.so
7f562ab68000-7f562ab91000 rw-p 00000000 00:00 0 
7f562ab91000-7f562aba7000 r-xp 00000000 08:07 1576884                    /lib/x86_64-linux-gnu/libz.so.1.2.3.4
7f562aba7000-7f562ada6000 ---p 00016000 08:07 1576884                    /lib/x86_64-linux-gnu/libz.so.1.2.3.4
7f562ada6000-7f562ada7000 r--p 00015000 08:07 1576884                    /lib/x86_64-linux-gnu/libz.so.1.2.3.4
7f562ada7000-7f562ada8000 rw-p 00016000 08:07 1576884                    /lib/x86_64-linux-gnu/libz.so.1.2.3.4
7f562ada8000-7f562af5d000 r-xp 00000000 08:07 1581507                    /lib/x86_64-linux-gnu/libc-2.15.so
7f562af5d000-7f562b15c000 ---p 001b5000 08:07 1581507                    /lib/x86_64-linux-gnu/libc-2.15.so
7f562b15c000-7f562b160000 r--p 001b4000 08:07 1581507                    /lib/x86_64-linux-gnu/libc-2.15.so
7f562b160000-7f562b162000 rw-p 001b8000 08:07 1581507                    /lib/x86_64-linux-gnu/libc-2.15.so
7f562b162000-7f562b167000 rw-p 00000000 00:00 0 
7f562b167000-7f562b169000 r-xp 00000000 08:07 1581506                    /lib/x86_64-linux-gnu/libdl-2.15.so
7f562b169000-7f562b369000 ---p 00002000 08:07 1581506                    /lib/x86_64-linux-gnu/libdl-2.15.so
7f562b369000-7f562b36a000 r--p 00002000 08:07 1581506                    /lib/x86_64-linux-gnu/libdl-2.15.so
7f562b36a000-7f562b36b000 rw-p 00003000 08:07 1581506                    /lib/x86_64-linux-gnu/libdl-2.15.so
7f562b36b000-7f562b36f000 r-xp 00000000 08:07 136411                     /usr/lib/jvm/java-6-openjdk-amd64/jre/lib/amd64/jli/libjli.so
7f562b36f000-7f562b56e000 ---p 00004000 08:07 136411                     /usr/lib/jvm/java-6-openjdk-amd64/jre/lib/amd64/jli/libjli.so
7f562b56e000-7f562b56f000 r--p 00003000 08:07 136411                     /usr/lib/jvm/java-6-openjdk-amd64/jre/lib/amd64/jli/libjli.so
7f562b56f000-7f562b570000 rw-p 00004000 08:07 136411                     /usr/lib/jvm/java-6-openjdk-amd64/jre/lib/amd64/jli/libjli.so
7f562b570000-7f562b588000 r-xp 00000000 08:07 1581547                    /lib/x86_64-linux-gnu/libpthread-2.15.so
7f562b588000-7f562b787000 ---p 00018000 08:07 1581547                    /lib/x86_64-linux-gnu/libpthread-2.15.so
7f562b787000-7f562b788000 r--p 00017000 08:07 1581547                    /lib/x86_64-linux-gnu/libpthread-2.15.so
7f562b788000-7f562b789000 rw-p 00018000 08:07 1581547                    /lib/x86_64-linux-gnu/libpthread-2.15.so
7f562b789000-7f562b78d000 rw-p 00000000 00:00 0 
7f562b78d000-7f562b7af000 r-xp 00000000 08:07 1582371                    /lib/x86_64-linux-gnu/ld-2.15.so
7f562b7c7000-7f562b7d1000 rw-p 00000000 00:00 0 
7f562b7d1000-7f562b887000 rw-p 00000000 00:00 0 
7f562b887000-7f562b88a000 ---p 00000000 00:00 0 
7f562b88a000-7f562b98d000 rw-p 00000000 00:00 0 
7f562b9a3000-7f562b9ab000 rw-s 00000000 08:07 1182192                    /tmp/hsperfdata_sergio/19100
7f562b9ab000-7f562b9ac000 rw-p 00000000 00:00 0 
7f562b9ac000-7f562b9ad000 r--p 00000000 00:00 0 
7f562b9ad000-7f562b9af000 rw-p 00000000 00:00 0 
7f562b9af000-7f562b9b0000 r--p 00022000 08:07 1582371                    /lib/x86_64-linux-gnu/ld-2.15.so
7f562b9b0000-7f562b9b2000 rw-p 00023000 08:07 1582371                    /lib/x86_64-linux-gnu/ld-2.15.so
7ffff8161000-7ffff8182000 rw-p 00000000 00:00 0                          [stack]
7ffff81ff000-7ffff8200000 r-xp 00000000 00:00 0                          [vdso]
ffffffffff600000-ffffffffff601000 r-xp 00000000 00:00 0                  [vsyscall]

VM Arguments:
jvm_args: -Dfile.encoding=UTF-8 -Xbootclasspath:/home/sergio/android-sdks/platforms/android-16/android.jar 
java_command: org.eclipse.jdt.internal.junit.runner.RemoteTestRunner -version 3 -port 50181 -testLoaderClass org.eclipse.jdt.internal.junit4.runner.JUnit4TestLoader -loaderpluginname org.eclipse.jdt.junit4.runtime -classNames cl.srtocino.gsmmonitor.RegexMatchTest
Launcher Type: SUN_STANDARD

Environment Variables:
PATH=/usr/local/sbin:/usr/local/bin:/usr/sbin:/usr/bin:/sbin:/bin:/usr/games
USERNAME=sergio
LD_LIBRARY_PATH=/usr/lib/jvm/java-6-openjdk-amd64/jre/lib/amd64/server:/usr/lib/jvm/java-6-openjdk-amd64/jre/lib/amd64:/usr/lib/jvm/java-6-openjdk-amd64/jre/../lib/amd64
SHELL=/bin/bash
DISPLAY=:0

Signal Handlers:
SIGSEGV: [libjvm.so+0x785360], sa_mask[0]=0x7ffbfeff, sa_flags=0x10000004
SIGBUS: [libjvm.so+0x785360], sa_mask[0]=0x7ffbfeff, sa_flags=0x10000004
SIGFPE: [libjvm.so+0x648dc0], sa_mask[0]=0x7ffbfeff, sa_flags=0x10000004
SIGPIPE: [libjvm.so+0x648dc0], sa_mask[0]=0x7ffbfeff, sa_flags=0x10000004
SIGXFSZ: [libjvm.so+0x648dc0], sa_mask[0]=0x7ffbfeff, sa_flags=0x10000004
SIGILL: [libjvm.so+0x648dc0], sa_mask[0]=0x7ffbfeff, sa_flags=0x10000004
SIGUSR1: SIG_DFL, sa_mask[0]=0x00000000, sa_flags=0x00000000
SIGUSR2: [libjvm.so+0x648f70], sa_mask[0]=0x00000004, sa_flags=0x10000004
SIGHUP: SIG_DFL, sa_mask[0]=0x00000000, sa_flags=0x00000000
SIGINT: SIG_DFL, sa_mask[0]=0x00000000, sa_flags=0x00000000
SIGTERM: SIG_DFL, sa_mask[0]=0x00000000, sa_flags=0x00000000
SIGQUIT: SIG_DFL, sa_mask[0]=0x00000000, sa_flags=0x00000000


---------------  S Y S T E M  ---------------

OS:LinuxMint 13 (maya)
uname:Linux 3.2.0-23-generic #36-Ubuntu SMP Tue Apr 10 20:39:51 UTC 2012 x86_64
libc:glibc 2.15 NPTL 2.15 
rlimit: STACK 8192k, CORE 0k, NPROC 29859, NOFILE 4096, AS infinity
load average:1.17 1.26 1.12

/proc/meminfo:
MemTotal:        3845996 kB
MemFree:          264092 kB
Buffers:           43300 kB
Cached:          1212436 kB
SwapCached:        32344 kB
Active:          1965268 kB
Inactive:        1310708 kB
Active(anon):    1598060 kB
Inactive(anon):   624664 kB
Active(file):     367208 kB
Inactive(file):   686044 kB
Unevictable:         152 kB
Mlocked:             152 kB
SwapTotal:       3904508 kB
SwapFree:        3645308 kB
Dirty:               196 kB
Writeback:             0 kB
AnonPages:       1993008 kB
Mapped:           146108 kB
Shmem:            202484 kB
Slab:             178724 kB
SReclaimable:     101792 kB
SUnreclaim:        76932 kB
KernelStack:        4480 kB
PageTables:        43064 kB
NFS_Unstable:          0 kB
Bounce:                0 kB
WritebackTmp:          0 kB
CommitLimit:     5827504 kB
Committed_AS:    5807612 kB
VmallocTotal:   34359738367 kB
VmallocUsed:      555728 kB
VmallocChunk:   34359156904 kB
HardwareCorrupted:     0 kB
AnonHugePages:         0 kB
HugePages_Total:       0
HugePages_Free:        0
HugePages_Rsvd:        0
HugePages_Surp:        0
Hugepagesize:       2048 kB
DirectMap4k:       83968 kB
DirectMap2M:     3905536 kB


CPU:total 4 (2 cores per cpu, 2 threads per core) family 6 model 37 stepping 5, cmov, cx8, fxsr, mmx, sse, sse2, sse3, ssse3, sse4.1, sse4.2, popcnt, ht

Memory: 4k page, physical 3845996k(264092k free), swap 3904508k(3645308k free)

vm_info: OpenJDK 64-Bit Server VM (20.0-b12) for linux-amd64 JRE (1.6.0_27-b27), built on Mar  5 2013 00:27:30 by "buildd" with gcc 4.6.3

time: Sun Mar 31 17:03:24 2013
elapsed time: 0 seconds

